SF:/Users/austin/Personal/apachelog-stream/index.js
DA:1,1
DA:2,1
DA:3,1
DA:5,1
DA:17,1
DA:27,1
DA:28,2
DA:29,2
DA:30,2
DA:31,2
DA:32,2
DA:35,1
DA:36,2
DA:37,2
DA:40,2
DA:41,2
DA:42,2
DA:44,2
DA:45,6
DA:46,6
DA:47,6
DA:49,6
DA:50,48
DA:51,48
DA:55,6
DA:56,6
DA:57,6
DA:60,2
DA:63,1
DA:64,2
DA:65,2
DA:66,2
DA:67,2
DA:68,2
DA:70,2
DA:71,16
DA:72,16
DA:76,2
DA:77,2
DA:78,2
DA:80,2
DA:81,2
DA:84,1
DA:85,2
DA:86,2
DA:87,1
DA:89,1
DA:92,1
DA:93,8
DA:94,8
DA:95,8
DA:96,8
DA:97,8
DA:98,8
DA:101,1
end_of_record
